\BOOKMARK [1][-]{section.1}{\376\377\0001\000\040\230\171\166\356\200\314\146\157\116\016\116\373\122\241\143\317\217\360}{}% 1
\BOOKMARK [2][-]{subsection.1.1}{\376\377\0001\000.\0001\000\040\116\373\122\241\166\356\150\007}{section.1}% 2
\BOOKMARK [2][-]{subsection.1.2}{\376\377\0001\000.\0002\000\040\145\160\143\156\143\317\217\360}{section.1}% 3
\BOOKMARK [1][-]{section.2}{\376\377\0002\000\040\145\271\154\325\143\317\217\360}{}% 4
\BOOKMARK [2][-]{subsection.2.1}{\376\377\0002\000.\0001\000\040\145\164\117\123\155\101\172\013}{section.2}% 5
\BOOKMARK [2][-]{subsection.2.2}{\376\377\0002\000.\0002\000\040\211\306\230\221\230\204\131\004\164\006}{section.2}% 6
\BOOKMARK [3][-]{subsubsection.2.2.1}{\376\377\0002\000.\0002\000.\0001\000\040\121\163\225\056\136\047\143\320\123\326}{subsection.2.2}% 7
\BOOKMARK [3][-]{subsubsection.2.2.2}{\376\377\0002\000.\0002\000.\0002\000\040\000R\000O\000I\201\352\122\250\133\232\117\115}{subsection.2.2}% 8
\BOOKMARK [2][-]{subsection.2.3}{\376\377\0002\000.\0003\000\040\000P\000a\000t\000c\000h\000C\000o\000r\000e\000\040\137\002\136\070\150\300\155\113}{section.2}% 9
\BOOKMARK [3][-]{subsubsection.2.3.1}{\376\377\0002\000.\0003\000.\0001\000\040\162\171\137\201\143\320\123\326}{subsection.2.3}% 10
\BOOKMARK [3][-]{subsubsection.2.3.2}{\376\377\0002\000.\0003\000.\0002\000\040\213\260\137\306\136\223\116\016\000C\000o\000r\000e\000s\000e\000t\133\120\221\307\150\067}{subsection.2.3}% 11
\BOOKMARK [3][-]{subsubsection.2.3.3}{\376\377\0002\000.\0003\000.\0003\000\040\137\002\136\070\213\304\122\006}{subsection.2.3}% 12
\BOOKMARK [3][-]{subsubsection.2.3.4}{\376\377\0002\000.\0003\000.\0004\000\040\226\010\120\074\213\276\133\232}{subsection.2.3}% 13
\BOOKMARK [1][-]{section.3}{\376\377\0003\000\040\133\236\232\214\176\323\147\234}{}% 14
\BOOKMARK [2][-]{subsection.3.1}{\376\377\0003\000.\0001\000\040\230\204\131\004\164\006\176\323\147\234}{section.3}% 15
\BOOKMARK [3][-]{subsubsection.3.1.1}{\376\377\0003\000.\0001\000.\0001\000\040\000R\000O\000I\201\352\122\250\133\232\117\115}{subsection.3.1}% 16
\BOOKMARK [2][-]{subsection.3.2}{\376\377\0003\000.\0002\000\040\000T\000a\000s\000k\000\040\0001\000\040\133\236\232\214\176\323\147\234\377\010\127\006\137\142\123\141\142\143\166\326\377\011}{section.3}% 17
\BOOKMARK [3][-]{subsubsection.3.2.1}{\376\377\0003\000.\0002\000.\0001\000\040\152\041\127\213\213\255\176\303}{subsection.3.2}% 18
\BOOKMARK [3][-]{subsubsection.3.2.2}{\376\377\0003\000.\0002\000.\0002\000\040\137\002\136\070\122\006\145\160\122\006\136\003}{subsection.3.2}% 19
\BOOKMARK [3][-]{subsubsection.3.2.3}{\376\377\0003\000.\0002\000.\0003\000\040\116\015\124\014\226\010\120\074\116\013\166\204\150\300\155\113\176\323\147\234}{subsection.3.2}% 20
\BOOKMARK [2][-]{subsection.3.3}{\376\377\0003\000.\0003\000\040\000T\000a\000s\000k\000\040\0002\000\040\133\236\232\214\176\323\147\234\377\010\145\271\137\142\133\306\134\001\166\326\377\011}{section.3}% 21
\BOOKMARK [3][-]{subsubsection.3.3.1}{\376\377\0003\000.\0003\000.\0001\000\040\152\041\127\213\213\255\176\303}{subsection.3.3}% 22
\BOOKMARK [3][-]{subsubsection.3.3.2}{\376\377\0003\000.\0003\000.\0002\000\040\137\002\136\070\122\006\145\160\122\006\136\003}{subsection.3.3}% 23
\BOOKMARK [3][-]{subsubsection.3.3.3}{\376\377\0003\000.\0003\000.\0003\000\040\116\015\124\014\226\010\120\074\116\013\166\204\150\300\155\113\176\323\147\234}{subsection.3.3}% 24
\BOOKMARK [2][-]{subsection.3.4}{\376\377\0003\000.\0004\000\040\176\374\124\010\133\371\153\324}{section.3}% 25
\BOOKMARK [2][-]{subsection.3.5}{\376\377\0003\000.\0005\000\040\176\323\147\234\122\006\147\220}{section.3}% 26
\BOOKMARK [1][-]{section.4}{\376\377\0004\000\040\140\035\200\003\116\016\145\071\217\333}{}% 27
\BOOKMARK [2][-]{subsection.4.1}{\376\377\0004\000.\0001\000\040\147\000\226\276\150\300\155\113\166\204\140\305\121\265\122\006\147\220}{section.4}% 28
\BOOKMARK [2][-]{subsection.4.2}{\376\377\0004\000.\0002\000\040\145\071\217\333\140\035\215\357}{section.4}% 29
\BOOKMARK [2][-]{subsection.4.3}{\376\377\0004\000.\0003\000\040\121\163\116\216\000Y\000O\000L\000O\145\271\154\325\166\204\140\035\200\003}{section.4}% 30
\BOOKMARK [1][-]{section.5}{\376\377\0005\000\040\140\073\176\323}{}% 31
