\BOOKMARK [1][-]{section.1}{\376\377\0001\000\040\230\171\166\356\200\314\146\157\116\016\116\373\122\241\143\317\217\360}{}% 1
\BOOKMARK [1][-]{section.2}{\376\377\0002\000\040\145\160\143\156\213\373\123\326\116\016\211\304\122\031\232\330\136\246\126\376\147\204\220\040}{}% 2
\BOOKMARK [2][-]{subsection.2.1}{\376\377\0002\000.\0001\000\040\000M\000A\000T\000L\000A\000B\000\040\000p\000o\000i\000n\000t\000C\000l\000o\000u\000d\000\040\133\371\214\141\213\373\123\326}{section.2}% 3
\BOOKMARK [2][-]{subsection.2.2}{\376\377\0002\000.\0002\000\040\211\304\122\031\116\214\176\364\232\330\136\246\126\376}{section.2}% 4
\BOOKMARK [1][-]{section.3}{\376\377\0003\000\040\122\035\131\313\145\271\154\325\131\015\163\260}{}% 5
\BOOKMARK [2][-]{subsection.3.1}{\376\377\0003\000.\0001\000\040\116\044\153\145\116\000\176\364\127\372\176\277\117\060\213\241}{section.3}% 6
\BOOKMARK [2][-]{subsection.3.2}{\376\377\0003\000.\0002\000\040\122\006\127\127\117\116\122\006\117\115\120\074\116\016\000\040\000P\000C\000H\000I\000P\000\040\143\322\120\074}{section.3}% 7
\BOOKMARK [1][-]{section.4}{\376\377\0004\000\040\225\356\230\230\123\321\163\260\116\016\123\237\126\340\122\006\147\220}{}% 8
\BOOKMARK [2][-]{subsection.4.1}{\376\377\0004\000.\0001\000\040\133\127\173\046\134\100\220\350\210\253\122\112\137\061}{section.4}% 9
\BOOKMARK [2][-]{subsection.4.2}{\376\377\0004\000.\0002\000\040\172\326\124\021\142\326\134\076\116\016\127\127\162\266\176\271\164\006}{section.4}% 10
\BOOKMARK [2][-]{subsection.4.3}{\376\377\0004\000.\0003\000\040\217\271\165\114\123\232\123\026}{section.4}% 11
\BOOKMARK [1][-]{section.5}{\376\377\0005\000\040\145\071\217\333\145\271\154\325}{}% 12
\BOOKMARK [2][-]{subsection.5.1}{\376\377\0005\000.\0001\000\040\156\321\122\250\172\227\123\343\146\377\116\343\116\015\221\315\123\340\122\006\127\127}{section.5}% 13
\BOOKMARK [2][-]{subsection.5.2}{\376\377\0005\000.\0002\000\040\143\247\122\066\160\271\217\173\137\256\136\163\156\321}{section.5}% 14
\BOOKMARK [2][-]{subsection.5.3}{\376\377\0005\000.\0003\000\040\000P\000y\000t\000h\000o\000n\000\040\133\236\163\260}{section.5}% 15
\BOOKMARK [1][-]{section.6}{\376\377\0006\000\040\133\236\232\214\176\323\147\234}{}% 16
\BOOKMARK [2][-]{subsection.6.1}{\376\377\0006\000.\0001\000\040\133\214\145\164\134\125\137\000\176\323\147\234}{section.6}% 17
\BOOKMARK [2][-]{subsection.6.2}{\376\377\0006\000.\0002\000\040\000B\000a\000s\000e\000l\000i\000n\000e\000\040\116\016\000\040\000I\000m\000p\000r\000o\000v\000e\000d\000\040\133\371\153\324}{section.6}% 18
\BOOKMARK [2][-]{subsection.6.3}{\376\377\0006\000.\0003\000\040\122\126\227\142\176\323\147\234}{section.6}% 19
\BOOKMARK [1][-]{section.7}{\376\377\0007\000\040\123\302\145\160\145\117\141\037\140\047\122\006\147\220}{}% 20
\BOOKMARK [2][-]{subsection.7.1}{\376\377\0007\000.\0001\000\040\123\112\133\232\221\317\143\007\150\007}{section.7}% 21
\BOOKMARK [1][-]{section.8}{\376\377\0008\000\040\140\073\176\323\116\016\213\250\213\272}{}% 22
\BOOKMARK [1][-]{appendix.A}{\376\377\000A\000\040\230\171\166\356\166\356\137\125\116\016\116\247\162\151}{}% 23
\BOOKMARK [1][-]{appendix.B}{\376\377\000B\000\040\116\073\211\201\124\175\116\344}{}% 24
